// Note: the Lightbend Config library is a bit picky with suffixes;
// the common files included via the "include" directive should
// have a ".conf" suffix.

// Each project is prefixed by ${vars.base} { ...
// so that common options or settings can be set by the
// configuration that includes this common file.
//
// Note however that += won't work inside vars.base.
// It's https://github.com/lightbend/config/issues/160.
// That's why if you override extra.commands you must
// explicitly include default-commands.

vars: {
  scala-ref                    : "scala/scala.git#2.11.x"
  scala-ref                    : ${?scala_ref}   // allow overriding scala-ref using the scala_ref environment variable
  node                         : "node"
  node                         : ${?NODE}

  // TODO: merge required changes upstream to get rid of our forks, maintaining our one won't scale
  browse-ref                   : "scalacommunitybuild/browse.git#community-build-2.11"
  lift-framework-ref           : "lift/framework.git#3.0-M2-release"
  spray-ref                    : "spray/spray.git#v1.3.3"
  // only building project twirl-api, fixed sha from master branch that has Scala 2.11 compatibility patches merged
  spray-twirl-ref              : "spray/twirl.git#102978cb508684aee0cfa09d71027965cdcd77b4"
  // - fix for matching scalaBinaryVersion that causes issues in dbuild
  // - That has been merged, but master is now unusable in Java 6 due to
  //   the use of typesafe-config 1.3.0
  //   https://github.com/playframework/interplay/commit/73f7c9b434be180c27611aebb089d55f6445bcf5#commitcomment-11275807
  play-twirl-ref               : "playframework/twirl.git#pull/45/head"
  // freeze just before move to sbt 1
  spray-json-ref               : "spray/spray-json.git#216fae2a"
  // fixed sha from 2.10.x branch that has Scala 2.11 compatibility patches merged
  scala-io-ref                 : "adriaanm/scala-io.git#community-build"
  json4s-ref                   : "json4s/json4s.git#v3.2.10_2.11"
  playframework-ref            : "playframework/playframework.git#2.4.x"
  // fixed sha from master that has Scala 2.11 patches merged
  parboiled-ref                : "sirthias/parboiled.git#c53e650212f222c9b1f75fa1ab13d7cab9db164e"
  // This pull request supports the fully-cross-versioned continuations plugin, shipped with 2.11+
  scala-arm-ref                : "jsuereth/scala-arm.git#pull/31/head"
  genjavadoc-ref               : "lightbend/genjavadoc.git#v0.5_2.11.0-M8"
  // There's no suitable release yet, so we depend on this commit. Upgrade to the next tagged version once released
  scala-refactoring-ref        : "scala-ide/scala-refactoring.git#44dca8b74808528693f884cfd3c5c9d3ed13e519"
  // "release-0.7" is a stable branch, used to cut 0.7 against new Scala milestones at this time
  scala-stm-ref                : "nbronson/scala-stm.git#release-0.7"
  scalacheck-ref               : "rickynils/scalacheck.git#1.11.6"
  scalatest-ref                : "scalatest/scalatest.git#2.2.3-and-greater"
  // zeromq-scala-binding's master includes this fix (and others), which break akka-zeromq (?):
  // https://github.com/valotrading/zeromq-scala-binding/commit/c2a8a87673a1a3468486d1af9a6460bfed25c7a2
  // therefore (which has a broken libdep of scalatest, however (cross full)):
  zeromq-scala-binding-ref     : "valotrading/zeromq-scala-binding.git#062e9438e322ec29d75b9649cb2aafa6ba3198a6"
  // fixed sha/tag (a compromise), the sha points at master that supports Scala 2.11
  spire-ref                    : "non/spire.git#3d2a41e91a1f6946fac63660f6157d4a6e4a281d"
  // temporarily frozen at a commit just before 546f0453 which introduced the
  // use of CrossVersion.patch; see https://github.com/scala/community-builds/issues/384
  shapeless-ref                : "milessabin/shapeless.git#eec3d55d1840a2ab31efedc9f8badefd6a49f5f9"
  scoverage-ref                : "scoverage/scalac-scoverage-plugin.git#1.0.2"
  // this is commit corresponding to 1.3.0 release, unfortunely pimpathon doesn't tag its releases
  pimpathon-ref                : "stacycurl/pimpathon.git#d2354dd92f5481610f4610edba3574880b07263e"
  sbt-testng-interface-ref     : "scalacommunitybuild/sbt-testng.git#community-build-2.12"
  utest-ref                    : "lihaoyi/utest.git"
  acyclic-ref                  : "lihaoyi/acyclic.git"
  sourcecode-ref               : "lihaoyi/sourcecode.git"
  fastparse-ref                : "SethTisue/fastparse.git#no-coursier"  // disable sbt-coursier plugin; https://github.com/scala/community-builds/issues/294
  breeze-ref                   : "scalanlp/breeze.git#releases/v0.12"
  // we don't plan to ship a newer plugin in any future 2.11.x version, and recent
  // changes on master were causing failures, so let's just freeze at the bundled version
  scala-continuations-ref      : "scala/scala-continuations.git#v1.0.2"

  // tracking upstream (the ideal)
  akka-ref                     : "akka/akka.git#release-2.3"
  scala-async-ref              : "scala/scala-async.git#2.11.x"  // master dropped 2.11 support
  scala-parser-combinators-ref : "scala/scala-parser-combinators.git#1.1.x"
  scala-partest-ref            : "scala/scala-partest.git#1.0.x"
  scala-partest-interface-ref  : "scala/scala-partest-interface.git"
  scala-xml-ref                : "scala/scala-xml.git"
  scala-swing-ref              : "scala/scala-swing.git#2.0.x"
  scala-records-ref            : "scala-records/scala-records.git"
  twitter-util-ref             : "twitter/util.git#302235a473d20735e5327d785e19b0f489b4a59f"  // freeze at November 2016 commit before move to ScalaTest 3.0
  // freeze before December 2016 commit that requires newer json4s (which we have frozen)
  jawn-ref                     : "non/jawn.git#8534fafa1d8d6930f1187aa1217b2c309b387017"
  // freeze at May 2017 commit, before 2.11 support was dropped
  mima-ref                     : "lightbend/migration-manager.git#f147e625781d3ddfafb3897120874dce0993ec20"
  macro-paradise-ref           : "scalamacros/paradise.git#2.11.11"
  // temporarily frozen at a commit just before the one that introduced the
  // use of CrossVersion.patch; see https://github.com/scala/community-builds/issues/384
  macro-compat-ref             : "milessabin/macro-compat.git#2a857e42f48620c34900e421579404d290286a75"

  portable-scala-reflect-ref   : "portable-scala/portable-scala-reflect.git"

  // TODO move back to master after adding scalaz-stream to the community build.
  // the fork was necessary because Specs 2.4 uses Shapeless 2.0.0 but we want
  // to be on 2.2.x, and we hit a small source incompatibility.
  specs2-ref                   : "SethTisue/specs2.git#specs-24-compat-w-shapeless-22"

  sbinary-ref                  : "harrah/sbinary.git"

  scalaz-ref                   : "scalaz/scalaz.git#series/7.1.x"
  scodec-bits-ref              : "scodec/scodec-bits.git#series/1.0.x"
  discipline-ref               : "typelevel/discipline.git#v0.2"
  scala-js-stubs-ref           : "scala-js/scala-js-stubs.git"
  scala-js-ref                 : "scala-js/scala-js.git"
  // freeze at March 2017 commit, before Ornate was added, which caused a failure
  // (https://github.com/scala/community-builds/issues/513). we could backport a fix
  // but 2.11 is nearly moribund these days so let's just freeze.
  slick-ref                    : "slick/slick.git#46eec4a099f6fbf869a75ed95b8cfd171e2490b0"
  scalamock-ref                : "paulbutcher/scalamock.git#cf8aa67cf163682cd52cbb4339e118da47703ae3" // stay here; master wants ScalaTest 3.0
  scalariform-ref              : "daniel-trinh/scalariform.git"

  // master depends on Akka HTTP and Akka Stream, which are tricky to depend on
  // (they are built only a special branch). so freeze right over the dependency was added.
  ensime-ref                   : "ensime/ensime-server.git#f4de40f6ce93afa75fd5bbe153c5f1df73035b1a"

  // master uses Shapeless 2.3 only features, so at this time it doesn't make sense to
  // track. there is no other branch we can track, so we use a version tag.  at time of
  // writing (Oct 2015) 1.1.0 is both the latest released version and the version that
  // Ensime depends on.  and Ensime is the main reason we're adding this at all
  // September 2017: Sam deleted the original repo, so we use a fork
  spray-json-shapeless-ref     : "scalacommunitybuild/spray-json-shapeless.git#v1.1.0"

  // freeze at an October 2016 commit; subsequent commits use ScalaTest 3.0, which we don't
  // have here
  scala-gopher-ref             : "rssh/scala-gopher.git#861934ae29eda56e592f5208962fde053fc7fa7a"

  // version settings
  sbt-version                  : "0.13.17"
}

vars {
  scalac-opts                  : ""
  scalac-opts                  : ${?scalac_opts}   // allows additional compiler options using the scalac_opts environment
  default-commands             : []
}

// appendScalacOptions and removeScalacOptions
// let us work around https://github.com/lightbend/dbuild/issues/144
vars.default-commands += """
set commands ++= {
  def alterScalacOptions(s: State, fn: Seq[String] => Seq[String]): State = {
    val extracted = Project extract s
    import extracted._
    val r = Project.relation(extracted.structure, true)
    val allDefs = r._1s.toSeq
    val scopes = allDefs.filter(_.key == scalacOptions.key).map(_.scope).distinct
    val redefined = scopes.map(scope => scalacOptions in scope ~= fn)
    val session = extracted.session.appendRaw(redefined)
    BuiltinCommands.reapply(session, structure, s)
  }
  def appendScalacOptions(s: State, args: Seq[String]) = {
    def appendDistinct[A](x: Seq[A], y: Seq[A]) =
      x.filterNot(y.contains) ++ y
    alterScalacOptions(s, appendDistinct(_, args))
  }
  def removeScalacOptions(s: State, args: Seq[String]) =
    alterScalacOptions(s, _.filterNot(args.contains))
  Seq(
    Command.args("appendScalacOptions", "<option>")(appendScalacOptions),
    Command.args("removeScalacOptions", "<option>")(removeScalacOptions))
}
"""
vars.default-commands += "appendScalacOptions "${vars.scalac-opts}
vars.base.extra.commands = ${vars.default-commands}

vars.ivyPat: ", [organisation]/[module]/(scala_[scalaVersion]/)(sbt_[sbtVersion]/)[revision]/[type]s/[artifact](-[classifier]).[ext]"
options.resolvers: {
  01: "local"
  02: "dbuild: https://scala-ci.typesafe.com/artifactory/dbuild/"
  03: "dbuild-ivy: https://scala-ci.typesafe.com/artifactory/dbuild-ivy/"${vars.ivyPat}
  04: "dbuild-unchecked: https://scala-ci.typesafe.com/artifactory/dbuild-unchecked/" // for sbt plugins not available on ivy (they'll fail the pom check on the `dbuild` cache repo above)
}

# new behemoths have much more disk space, so let's try keeping stuff
# substantially longer (2 weeks instead of 4-5 days) and see what
# the effect on disk space usage is, starting March 17 2018
options.cleanup: {
  extraction: {
    success: 336
    failure: 336
  }
  build: {
    success: 336
    failure: 336
  }
}

build += {
  check-missing: [ true, false ]
  cross-version: [ disabled, standard ]
  space.from: [ default ]
  space.to: default
  extraction-version: "2.11.12"
  sbt-version: ${vars.sbt-version}

  projects: [
  ${vars.base} {
    name: "parboiled"
    uri: "https://github.com/"${vars.parboiled-ref}
    extra: ${vars.base.extra} {
      projects: ["parboiled-scala"]
      // tests do not compile due to source incompatible change in scalatest
      // TestNGSuite became a class but was a trait
      run-tests: false
    }
  }

  ${vars.base} {
    name: "json4s"
    uri: "https://github.com/"${vars.json4s-ref}
    extra.projects: ["json4s-native", "json4s-jackson"]
  }

  ${vars.base} {
    name: "lift-json"
    uri: "https://github.com/"${vars.lift-framework-ref}
    extra.projects: ["lift-json"]
    // test failure:
    //[info] [info] ! Either can't be deserialized with type hints
    //[info] [error]  ClassNotFoundException: : scala.util.Left  (Formats.scala:223)
    // !!!: probably we should investigate
    extra.run-tests: false
  }

  ${vars.base} {
    name: "spray-twirl"
    uri: "https://github.com/"${vars.spray-twirl-ref}
    extra.projects: ["twirl-api"]
  }

  ${vars.base} {
    name: "play-twirl"
    uri: "https://github.com/"${vars.play-twirl-ref}
    extra.exclude: ["plugin"]  // no sbt plugins plz
  }

  ${vars.base} {
    name: "spray-json"
    uri: "https://github.com/"${vars.spray-json-ref}
  }

  ${vars.base} {
    name: "spray"
    uri: "https://github.com/"${vars.spray-ref}
    extra: ${vars.base.extra} {
      // skip tests for now; see https://github.com/scala/community-builds/issues/110
      run-tests: false
      // disable subprojects depending on shapeless 1
      exclude: ["spray-routing", "spray-routing-tests"]
      // disable running sphinx, it would be great if dbuild
      // offered a mechanism for excluding particular project (e.g. docs)
      commands: ${vars.default-commands} [
        "set SphinxSupport.sphinxCompile in docs := Seq.empty"
      ]
      // disable parallel execution of tests as a work around for non-deterministic
      // failures, see: https://github.com/scala/community-builds/pull/69#issuecomment-63324597
      settings: ["parallelExecution in GlobalScope in Test := false"]
    }
  }


  ${vars.base} {
    name: "Play2-core"
    uri: "https://github.com/"${vars.playframework-ref}
    extra: ${vars.base.extra} {
      projects: ["Play"]
      directory: "framework"
      run-tests: false
        // workaround for the problem with PlayVersion.scala file is being passed twice to Scala compiler
        // and we get double definition error
      commands: ${vars.default-commands} [
        "set sources in (PlayProject, Compile, compile) := (sources in (PlayProject, Compile, compile)).value.distinct"
      ]
    }
  }

  ${vars.base} {
    name: "scala-io"
    uri: "https://github.com/"${vars.scala-io-ref}
    extra: ${vars.base.extra} {
      projects: ["core", "file"]
      // one of the tests fail for some reason
      run-tests: false
    }
  }

  ${vars.base} {
    name: "scala-arm"
    uri: "https://github.com/"${vars.scala-arm-ref}
  }

  ${vars.base} {
    name: "scala-partest-interface"
    uri: "https://github.com/"${vars.scala-partest-interface-ref}
  }

  ${vars.base} {
    name: scala-stm
    uri:    "https://github.com/"${vars.scala-stm-ref}
    // a minor incompatibility with recent versions of scalatest, therefore:
    extra.run-tests: false
  }

  ${vars.base} {
    name: shapeless
    uri:    "https://github.com/"${vars.shapeless-ref}
    extra.projects: ["coreJVM"]
  }

  ${vars.base} {
    name: specs2
    uri: "https://github.com/"${vars.specs2-ref}
    extra.run-tests: false // at least SnippetsTest is failing.
  }

  ${vars.base} {
    name: sbinary
    uri:    "https://github.com/"${vars.sbinary-ref}
  }

  ${vars.base} {
    name: scalaz
    uri: "https://github.com/"${vars.scalaz-ref}
  }

  ${vars.base} {
    name: scodec-bits
    uri: "https://github.com/"${vars.scodec-bits-ref}
    extra.projects: ["coreJVM"]
    extra.commands: ${vars.default-commands} [
      // too fragile, especially in Scaladoc
      "removeScalacOptions -Xfatal-warnings"
    ]
    // core/shared/src/test/scala/scodec/bits/BitsSuite.scala:9:
    //   not found: type PropertyCheckConfiguration
    // looks like probably a ScalaTest 2.x vs 3.0 thing to me
    extra.run-tests: false
  }

  ${vars.base} {
    name: "scala-records"
    uri: "https://github.com/"${vars.scala-records-ref}
    extra.exclude: ["coreJS"]
  }

  ${vars.base} {
    name: "zeromq-scala-binding"
    uri: "https://github.com/"${vars.zeromq-scala-binding-ref}
    extra: ${vars.base.extra} { run-tests: false }
  }

  ${vars.base} {
    name: "scalatest"
    uri: "https://github.com/"${vars.scalatest-ref}
    extra: ${vars.base.extra} {
      projects: ["scalatest"]
      commands: ${vars.default-commands} [
        "set libraryDependencies += \"org.scala-lang.modules\" %% \"scala-xml\" % \"1.0.0-RC6\""
      ]
      run-tests: false
    }
  }

  ${vars.base} {
    name: "discipline"
    uri: "https://github.com/"${vars.discipline-ref}
  }

  ${vars.base} {
    name: "spire"
    uri: "https://github.com/"${vars.spire-ref}
    // tests crash with:
    // [info] [error] Could not run test spire.laws.LawTests:
    // java.lang.ClassFormatError: Duplicate method name&signature in class file spire/std/OrderProductInstances$$anon$228
    extra.run-tests: false
  }

  ${vars.base} {
    name: "breeze"
    uri: "https://github.com/"${vars.breeze-ref}
    // because of ongoing intermittent failures.  here in a 2.11 context,
    // we are using an old branch, so it doesn't really make sense for
    // either us or them to worry about it.  in 2.12, we are tracking
    // master
    extra.test-tasks: ["compile"]
  }

  ${vars.base} {
    name:   "genjavadoc-plugin"
    uri:    "https://github.com/"${vars.genjavadoc-ref}
    extra.projects: genjavadoc-plugin
  }

  ${vars.base} {
    name:   "genjavadoc"
    uri:    "https://github.com/"${vars.genjavadoc-ref}
    extra: ${vars.base.extra} {
      projects: ["tests","javaOut"]
      run-tests: false
    }
  }

  ${vars.base} {
    name:"akka"
    uri:    "https://github.com/"${vars.akka-ref}
    extra: ${vars.base.extra} {
      options: ["-Dakka.genjavadoc.enabled=true", "-Dakka.scaladoc.diagrams=false", "-Dakka.build.aggregateSamples=false"]
      projects: ["akka-scala-nightly"]
      run-tests: false
    }
  }

  ${vars.base} {
    name:   "scala-refactoring"
    uri:    "https://github.com/"${vars.scala-refactoring-ref}
    extra: ${vars.base.extra} {
      directory: "org.scala-refactoring.library"
    }
  }

  ${vars.base} {
    name: "scala-async"
    uri: "https://github.com/"${vars.scala-async-ref}
    extra.run-tests: false // ToolBox based tests report missing JARs. Probably some poor assumption in the async tests.
  }

  ${vars.base} {
    name: "slick"
    uri:  "https://github.com/"${vars.slick-ref}
    // without this dbuild doesn't pick up that one of the subprojects has this dependency.
    // it doesn't even make sense; it seems to me that testNGSettings should not be adding
    // a dependency of the plugin to the libraryDependencies of the test code.
    // the line in question is:
    //   https://github.com/sbt/sbt-testng-interface/blob/ca730f705f48af2139f39bc726b474afec072738/plugin/src/main/scala/de/johoop/testngplugin/TestNGPlugin.scala#L44
    // I think it's a confusion of levels, but maybe I'm missing something. - ST 8/27/15
    deps.inject: ["de.johoop#sbt-testng-interface"]
    // disable fragile tests (https://github.com/scala/community-builds/issues/12#issuecomment-149941055)
    extra.exclude: ["osgitests"]
  }

  ${vars.base} {
    name: "sbt-testng-interface"
    uri: "https://github.com/"${vars.sbt-testng-interface-ref}
    extra.projects: ["sbt-testng-interface"]  // just the interface, we don't need to build the plugin
  }

  ${vars.base} {
    name:   "browse"
    uri:    "https://github.com/"${vars.browse-ref}
    extra.commands: ${vars.default-commands} [
      "set libraryDependencies += \"org.scala-lang.modules\" %% \"scala-xml\" % \"1.0.0-RC6\""
    ]
    extra.exclude: ["test", "testLink"]
  }

  ${vars.base} {
    name:   "ensime"
    uri:    "https://github.com/"${vars.ensime-ref}
    // scaladoc fails with
    // [ensime] [info] Compiling 73 Scala sources to .../target/scala-2.11/classes...
    // [ensime] [info] Main Scala API documentation to .../target/scala-2.11/api...
    // [ensime] [error] .../src/main/scala/org/ensime/indexer/SourceResolver.scala:55: value toMultiMap is not a member of scala.collection.immutable.Set[(org.ensime.indexer.PackageName, org.apache.commons.vfs2.FileObject)]
    // [ensime] [error] possible cause: maybe a semicolon is missing before `value toMultiMap'?
    // [ensime] [error]   }.toMultiMap[Set]
    extra.commands: ${vars.default-commands} [
      "set every sources in doc in Compile := List()"
    ]
  }

  ${vars.base} {
    name:   "pimpathon"
    uri:    "https://github.com/"${vars.pimpathon-ref}
  }

  ${vars.base} {
    name:   "scalariform"
    uri:    "https://github.com/"${vars.scalariform-ref}
    // avoid building misc subproject that depends on Swing (and is not needed by any other project)
    extra.projects: ["scalariform"]
  }

  ${vars.base} {
    name:   "scalamock"
    uri:    "https://github.com/"${vars.scalamock-ref}
  }

  ${vars.base} {
    name:   "spray-json-shapeless"
    uri:    "https://github.com/"${vars.spray-json-shapeless-ref}
  }

  ${vars.base} {
    name: "scoverage"
    uri:  "https://github.com/"${vars.scoverage-ref}
    extra: ${vars.base.extra} {
      run-tests: false // [info] java.io.FileNotFoundException: Could not locate [~/.ivy2/cache/org.scala-lang/scala-compiler/jars/scala-compiler-2.11.0.jar].
    }
  }

// scala-logging-slf4j is used by scoverage, but:
// - scala-logging-slf4j v2.1.2 won't compile (not found: value LoggerMacro)
// - and v3.0.0 changed the artifacts, so we grab v2.1.2 via Ivy instead.
//  ${vars.base} {
//    name: "scala-logging"
//    uri:  "https://github.com/typesafehub/scala-logging.git#v2.1.2"
//  }

  {
    name:   "scala-logging-slf4j"
    system: "ivy"
    uri:    "ivy:com.typesafe.scala-logging#scala-logging-slf4j_2.11;2.1.2"
  }

  {
    name:   "scala-logging-api"
    system: "ivy"
    uri:    "ivy:com.typesafe.scala-logging#scala-logging-api_2.11;2.1.2"
  }

  ${vars.base} {
    name:   "scala-js-stubs"
    uri:    "http://github.com/"${vars.scala-js-stubs-ref}
    extra.sbt-version: "1.2.3"
  }

  ${vars.base} {
    name:   "scala-js"
    uri:    "http://github.com/"${vars.scala-js-ref}
    extra: ${vars.base.extra} {
      // hopefully avoid intermittent OutOfMemoryErrors with default 1.5G heap?
      // e.g. https://scala-ci.typesafe.com/job/scala-2.11.x-jdk8-integrate-community-build/111/consoleFull
      options: ["-Xmx2048m"]
      // not really sure how this list was arrived at
      projects: [ io, logging, linker, testSuite ]
      commands: ${vars.default-commands} [
        // - Disable fatal Scaladoc warnings, too fragile
        "removeScalacOptions -Xfatal-warnings"
        // - We disable source map tests to save ourselves a `npm install source-map-support` on the workers.
        //   Although only `testSuite` actually has tests, dbuild will try to run the tests for all projects
        //   that `testSuite` depends on (transitively), so we need to set it in a bunch of places.
        "set Seq(library, testInterface, jUnitRuntime, testSuite).map(p => jsEnv in p := new org.scalajs.jsenv.nodejs.NodeJSEnv(org.scalajs.jsenv.nodejs.NodeJSEnv.Config().withExecutable(\""${vars.node}"\").withSourceMap(false)))"
        "set MyScalaJSPlugin.wantSourceMaps in testSuite := false"
      ]
    }
  }

  // not included on 2.11.x branch because it doesn't build on Java 6
  ${vars.base} {
    name:   "twitter-util"
    uri:    "http://github.com/"${vars.twitter-util-ref}
    // this isn't really necessary and would pull in a JMH dependency
    extra.exclude: ["util-benchmark"]
    // recommended at https://github.com/twitter/util/issues/173:
    // "We use that when we don't think the tests will be reliable in a ci environment"
    extra.options: ["-DSKIP_FLAKY=true"]
  }

  ${vars.base} {
    name: "jawn"
    uri: "http://github.com/"${vars.jawn-ref}
    // omitted (for now?): argonaut, rojoma-v3, rojoma, benchmark
    extra.projects: ["ast", "parser", "play", "json4s", "spray"]
  }

  // note that we don't have MiMa in the JDK6 build.  I tried but it
  // was running out of PermGen when running the functional tests.
  // rather than sink time into investigating, just confining it to
  // JDK8 world seems perfectly fine.
  ${vars.base} {
    name:   "mima"
    uri:    "http://github.com/"${vars.mima-ref}
    // compiling the plugin isn't really necessary as long as sbt remains
    // in Scala 2.10 world, and besides, it was giving "can't expand
    // macros compiled by previous versions of Scala" errors I don't want
    // to take the time to investigate
    extra.exclude: ["sbtplugin"]
    // the build was recently redone and no longer works with 0.13.12
    extra.sbt-version: "0.13.13-RC3"
  }

  // dependency of utest
  ${vars.base} {
    name: "portable-scala-reflect"
    uri: "http://github.com/"${vars.portable-scala-reflect-ref}
    extra.sbt-version: "1.2.3"
    extra.projects: ["portable-scala-reflectJVM"]  // no Scala.js plz
  }

  ${vars.base} {
    name:   "utest"
    uri:    "http://github.com/"${vars.utest-ref}
    extra.sbt-version: "1.2.3"
    // no Scala.js plz
    extra.projects: ["utestJVM"]
  }

  ${vars.base} {
    name:   "acyclic"
    uri:    "http://github.com/"${vars.acyclic-ref}
  }

  ${vars.base} {
    name:    "sourcecode"
    uri:     "http://github.com/"${vars.sourcecode-ref}
    // no Scala.js plz
    extra.projects: ["sourcecodeJVM"]
  }

  ${vars.base} {
    name:   "fastparse"
    uri:    "http://github.com/"${vars.fastparse-ref}
    // no Scala.js plz
    extra.projects: ["fastparseJVM"]
    // with 0.13.11 I got
    // Running "test" in: fastparseJVM
    // Compiling 9 Scala sources to [...]/fastparse/jvm/target/scala-2.11/test-classes...
    // java.lang.IndexOutOfBoundsException: 0
    //   at scala.collection.LinearSeqOptimized$class.apply(LinearSeqOptimized.scala:65)
    //   at scala.collection.immutable.List.apply(List.scala:84)
    //   at xsbt.ExtractAPI.makeParameter$1(ExtractAPI.scala:295)
    // the issue is reproducible outside of the community build, so it's apparently
    // an sbt regression. reported at https://github.com/sbt/sbt/issues/2497
    extra.sbt-version: "0.13.9"
  }

  ${vars.base} {
    name:   "macro-paradise"
    uri:    "http://github.com/"${vars.macro-paradise-ref}
  }

  ${vars.base} {
    name:   "macro-compat"
    uri:    "http://github.com/"${vars.macro-compat-ref}
    // no Scala.js plz
    extra.projects: ["testJVM"]
  }

  ${vars.base} {
     name:  "scala-gopher"
     uri:    "http://github.com/"${vars.scala-gopher-ref}
     // too many intermittent failures
     extra.test-tasks: ["compile"]
  }

]
}
